1607859589062	geckodriver	INFO	Listening on 127.0.0.1:59029
1607859592142	mozrunner::runner	INFO	Running command: "C:\\Program Files\\Mozilla Firefox\\firefox.exe" "--marionette" "-foreground" "-no-remote" "-profile" "C:\\Users\\acer\\AppData\\Local\\Temp\\rust_mozprofiledGhzIw"
Can't find symbol 'eglSwapBuffersWithDamageEXT'.
Can't find symbol 'eglSetDamageRegionKHR'.
JavaScript error: resource://gre/modules/XULStore.jsm, line 66: Error: Can't find profile directory.
console.warn: SearchSettings: "get: No settings file exists, new profile?" (new Error("", "(unknown module)"))
1607859595983	Marionette	INFO	Listening on port 59037
1607859596367	Marionette	WARN	TLS certificate errors will be ignored for this session
1607972827954	addons.xpi	ERROR	System addon update list error Error: Failed downloading XML, status: 0, reason: error
JavaScript error: resource:///modules/WindowsJumpLists.jsm, line 279: TypeError: this._builder is undefined
1607972955199	Marionette	INFO	Stopped listening on port 59037

###!!! [Child][RunMessage] Error: Channel closing: too late to send/recv, messages will be lost


###!!! [Child][MessageChannel::SendAndWait] Error: Channel error: cannot send/recv

1607975154523	geckodriver	INFO	Listening on 127.0.0.1:60156
1607975157697	mozrunner::runner	INFO	Running command: "C:\\Program Files\\Mozilla Firefox\\firefox.exe" "--marionette" "-foreground" "-no-remote" "-profile" "C:\\Users\\acer\\AppData\\Local\\Temp\\rust_mozprofileAJqAHp"
Can't find symbol 'eglSwapBuffersWithDamageEXT'.
Can't find symbol 'eglSetDamageRegionKHR'.
JavaScript error: resource://gre/modules/XULStore.jsm, line 66: Error: Can't find profile directory.
console.warn: SearchSettings: "get: No settings file exists, new profile?" (new Error("", "(unknown module)"))
1607975160975	Marionette	INFO	Listening on port 60164
1607975161422	Marionette	WARN	TLS certificate errors will be ignored for this session
[Parent 7596, Gecko_IOThread] WARNING: file /builds/worker/checkouts/gecko/ipc/chromium/src/base/process_util_win.cc:166
1607978264946	Marionette	INFO	Stopped listening on port 60164

###!!! [Child][RunMessage] Error: Channel closing: too late to send/recv, messages will be lost


###!!! [Child][MessageChannel::SendAndWait] Error: Channel error: cannot send/recv

JavaScript error: resource://gre/modules/XULStore.jsm, line 66: Error: Can't find profile directory.
console.warn: SearchSettings: "get: No settings file exists, new profile?" (new Error("", "(unknown module)"))
1607975319150	Marionette	INFO	Listening on port 60219
1607975319590	Marionette	WARN	TLS certificate errors will be ignored for this session
Can't find symbol 'eglSwapBuffersWithDamageEXT'.
Can't find symbol 'eglSetDamageRegionKHR'.
JavaScript error: https://static.avito.ru/s/cc/bundles/80166a2c00979b482a52.js, line 1: ChunkLoadError: Loading chunk 59a34978 failed.
(error: https://static.avito.ru/s/cc/chunks/59a34978.a8cfcf58d54c89229799.js)
[Parent 1244, Gecko_IOThread] WARNING: file /builds/worker/checkouts/gecko/ipc/chromium/src/base/process_util_win.cc:166
1607978265538	Marionette	INFO	Stopped listening on port 60219

###!!! [Child][MessageChannel::SendAndWait] Error: Channel error: cannot send/recv

Smbbu"
Can't find symbol 'eglSwapBuffersWithDamageEXT'.
Can't find symbol 'eglSetDamageRegionKHR'.
JavaScript error: resource://gre/modules/XULStore.jsm, line 66: Error: Can't find profile directory.
console.warn: SearchSettings: "get: No settings file exists, new profile?" (new Error("", "(unknown module)"))
1607976524324	Marionette	INFO	Listening on port 64205
1607976524544	Marionette	WARN	TLS certificate errors will be ignored for this session
JavaScript error: https://www.avito.ru/moskva/telefony/samsung_galaxy_a50_blue_2049583064 line 9371 > injectedScript, line 1: ReferenceError: fbq is not defined
Can't find symbol 'eglSwapBuffersWithDamageEXT'.
Can't find symbol 'eglSetDamageRegionKHR'.
JavaScript error: https://www.avito.ru/moskva/telefony/samsung_galaxy_a50_blue_2049583064 line 1 > injectedScript, line 9: NS_ERROR_NOT_INITIALIZED: 
JavaScript error: https://static.avito.ru/s/cc/bundles/80166a2c00979b482a52.js, line 1: ChunkLoadError: Loading chunk 59a34978 failed.
(error: https://static.avito.ru/s/cc/chunks/59a34978.a8cfcf58d54c89229799.js)
JavaScript error: https://www.avito.ru/moskva/telefony/samsung_galaxy_a50_blue_2049583064 line 1 > injectedScript, line 9: NS_ERROR_NOT_INITIALIZED: 
Handler function _httpStopRequest threw an exception: [Exception... "Component returned failure code: 0x80004005 (NS_ERROR_FAILURE) [nsITraceableChannel.setNewListener]"  nsresult: "0x80004005 (NS_ERROR_FAILURE)"  location: "JS frame :: resource://devtools/server/actors/network-monitor/network-observer.js :: _setupResponseListener :: line 1085"  data: no]
Stack: _setupResponseListener@resource://devtools/server/actors/network-monitor/network-observer.js:1085:38
_createNetworkEvent@resource://devtools/server/actors/network-monitor/network-observer.js:911:12
_httpStopRequest@resource://devtools/server/actors/network-monitor/network-observer.js:409:14
exports.makeInfallible/<@resource://devtools/shared/ThreadSafeDevToolsUtils.js:103:22
Line: 1085, column: 0
console.error: ({})
Handler function _httpStopRequest threw an exception: [Exception... "Component returned failure code: 0x80004005 (NS_ERROR_FAILURE) [nsITraceableChannel.setNewListener]"  nsresult: "0x80004005 (NS_ERROR_FAILURE)"  location: "JS frame :: resource://devtools/server/actors/network-monitor/network-observer.js :: _setupResponseListener :: line 1085"  data: no]
Stack: _setupResponseListener@resource://devtools/server/actors/network-monitor/network-observer.js:1085:38
_createNetworkEvent@resource://devtools/server/actors/network-monitor/network-observer.js:911:12
_httpStopRequest@resource://devtools/server/actors/network-monitor/network-observer.js:409:14
exports.makeInfallible/<@resource://devtools/shared/ThreadSafeDevToolsUtils.js:103:22
Line: 1085, column: 0
console.error: ({})
JavaScript error: resource://devtools/client/inspector/rules/utils/utils.js, line 186: TypeError: rule is undefined
JavaScript error: resource://devtools/client/inspector/rules/utils/utils.js, line 186: TypeError: rule is undefined
JavaScript error: resource://devtools/client/inspector/rules/utils/utils.js, line 186: TypeError: rule is undefined
SourceActor threw an exception: [Exception... "Failed to open input source 'javascript:false'"  nsresult: "0x80040111 (NS_ERROR_NOT_AVAILABLE)"  location: "JS frame :: resource://devtools/shared/DevToolsUtils.js :: mainThreadFetch/< :: line 668"  data: yes]
Stack: mainThreadFetch/<@resource://devtools/shared/DevToolsUtils.js:668:15
mainThreadFetch@resource://devtools/shared/DevToolsUtils.js:516:10
_fetchURLContents@resource://devtools/server/actors/utils/TabSources.js:440:22
urlContents@resource://devtools/server/actors/utils/TabSources.js:407:17
_resurrectSource@resource://devtools/server/actors/thread.js:2105:69
addAllSources@resource://devtools/server/actors/thread.js:1500:14
onSources@resource://devtools/server/actors/thread.js:1506:10
onPacket@resource://devtools/server/devtools-server-connection.js:379:58
receiveMessage@resource://devtools/shared/transport/child-transport.js:66:16
Line: 668, column: 0
console.error: ({})
JavaScript error: resource://devtools/shared/DevToolsUtils.js, line 668: NS_ERROR_NOT_AVAILABLE: Failed to open input source 'javascript:false'

###!!! [Parent][MessageChannel] Error: (msgtype=0x5A000D,n1607976656034	mozrunner::runner	INFO	Running command: "C:\\Program Files\\Mozil1607978278371	Marionette	INFO	Stopped listening on port 64205

###!!! [Child][RunMessage] Error: Channel closing: too late to send/recv, messages will be lost


###!!! [Child][MessageChannel::SendAndWait] Error: Channel error: cannot send/recv

 resource://gre/modules/XULStore.jsm, line 66: Error: Can't find profile directory.
console.warn: SearchSettings: "get: No settings file exists, new profile?" (new Error("", "(unknown module)"))
1607976659745	Marionette	INFO	Listening on port 50674
1607976660265	Marionette	WARN	TLS certificate errors will be ignored for this session
Can't find symbol 'eglSwapBuffersWithDamageEXT'.
Can't find symbol 'eglSetDamageRegionKHR'.
JavaScript error: https://www.avito.ru/moskva/telefony/samsung_galaxy_a50_blue_2049583064 line 1 > injectedScript, line 9: NS_ERROR_NOT_INITIALIZED: 
1607976672611	Marionette	WARN	TimedPromise timed out after 500 ms: stacktrace:
TimedPromise/<@chrome://marionette/content/sync.js:228:19
TimedPromise@chrome://marionette/content/sync.js:213:10
interaction.flushEventLoop@chrome://marionette/content/interaction.js:418:10
webdriverClickElement@chrome://marionette/content/interaction.js:179:31
1607978269151	Marionette	INFO	Stopped listening on port 50674

###!!! [Child][RunMessage] Error: Channel closing: too late to send/recv, messages will be lost


###!!! [Child][MessageChannel::SendAndWait] Error: Channel error: cannot send/recv

emp\\rust_mozprofile1doFoR"
Can't find symbol 'eglSwapBuffersWithDamageEXT'.
Can't find symbol 'eglSetDamageRegionKHR'.
JavaScript error: resource://gre/modules/XULStore.jsm, line 66: Error: Can't find profile directory.
console.warn: SearchSettings: "get: No settings file exists, new profile?" (new Error("", "(unknown module)"))
1607978210998	Marionette	INFO	Listening on port 57391
1607978211033	Marionette	WARN	TLS certificate errors will be ignored for this session
Can't find symbol 'eglSwapBuffersWithDamageEXT'.
Can't find symbol 'eglSetDamageRegionKHR'.
JavaScript error: https://www.avito.ru/moskva/telefony/samsung_galaxy_a50_blue_2049583064 line 1 > injectedScript, line 9: NS_ERROR_NOT_INITIALIZED: 
1607978223267	Marionette	WARN	TimedPromise timed out after 500 ms: stacktrace:
TimedPromise/<@chrome://marionette/content/sync.js:228:19
TimedPromise@chrome://marionette/content/sync.js:213:10
interaction.flushEventLoop@chrome://marionette/content/interaction.js:418:10
webdriverClickElement@chrome://marionette/content/interaction.js:179:31
1607978279333	Marionette	INFO	Stopped listening on port 57391

###!!! [Child][RunMessage] Error: Channel closing: too late to send/recv, messages will be lost


###!!! [Child][MessageChannel::SendAndWait] Error: Channel error: cannot send/recv

emp\\rust_mozprofileRYIlNT"
Can't find symbol 'eglSwapBuffersWithDamageEXT'.
Can't find symbol 'eglSetDamageRegionKHR'.
JavaScript error: resource://gre/modules/XULStore.jsm, line 66: Error: Can't find profile directory.
console.warn: SearchSettings: "get: No settings file exists, new profile?" (new Error("", "(unknown module)"))
1607978269181	Marionette	INFO	Listening on port 57641
1607978269645	Marionette	WARN	TLS certificate errors will be ignored for this session
JavaScript error: https://www.avito.ru/moskva/telefony/samsung_galaxy_a50_blue_2049583064 line 9371 > injectedScript, line 1: ReferenceError: fbq is not defined
Can't find symbol 'eglSwapBuffersWithDamageEXT'.
Can't find symbol 'eglSetDamageRegionKHR'.
1607982179073	Marionette	INFO	Stopped listening on port 57641
console.error: (new Error("SessionFile is closed", "resource:///modules/sessionstore/SessionFile.jsm", 433))

###!!! [Child][MessageChannel::SendAndWait] Error: Channel error: cannot send/recv

_mozprofileN1xryb"
Can't find symbol 'eglSwapBuffersWithDamageEXT'.
Can't find symbol 'eglSetDamageRegionKHR'.
JavaScript error: resource://gre/modules/XULStore.jsm, line 66: Error: Can't find profile directory.
console.warn: SearchSettings: "get: No settings file exists, new profile?" (new Error("", "(unknown module)"))
1607979597980	Marionette	INFO	Listening on port 58330
1607979598272	Marionette	WARN	TLS certificate errors will be ignored for this session
Can't find symbol 'eglSwapBuffersWithDamageEXT'.
Can't find symbol 'eglSetDamageRegionKHR'.
1607979614062	Marionette	WARN	TimedPromise timed out after 500 ms: stacktrace:
TimedPromise/<@chrome://marionette/content/sync.js:228:19
TimedPromise@chrome://marionette/content/sync.js:213:10
interaction.flushEventLoop@chrome://marionette/content/interaction.js:418:10
webdriverClickElement@chrome://marionette/content/interaction.js:179:31
[Parent 16408, Gecko_IOThread] WARNING: file /builds/worker/checkouts/gecko/ipc/chromium/src/base/process_util_win.cc:166
1607979847527	Marionette	INFO	Stopped listening on port 58330

###!!! [Child][MessageChannel::SendAndWait] Error: Channel error: cannot send/recv

KRZ4"
Can't find symbol 'eglSwapBuffersWithDamageEXT'.
Can't find symbol 'eglSetDamageRegionKHR'.
JavaScript error: resource://gre/modules/XULStore.jsm, line 66: Error: Can't find profile directory.
console.warn: SearchSettings: "get: No settings file exists, new profile?" (new Error("", "(unknown module)"))
1607979789055	Marionette	INFO	Listening on port 58559
1607979789336	Marionette	WARN	TLS certificate errors will be ignored for this session
JavaScript error: https://www.avito.ru/moskva/telefony/samsung_galaxy_a50_blue_2049583064 line 1 > injectedScript, line 9: NS_ERROR_NOT_INITIALIZED: 
Can't find symbol 'eglSwapBuffersWithDamageEXT'.
Can't find symbol 'eglSetDamageRegionKHR'.
1607979802169	Marionette	WARN	TimedPromise timed out after 500 ms: stacktrace:
TimedPromise/<@chrome://marionette/content/sync.js:228:19
TimedPromise@chrome://marionette/content/sync.js:213:10
interaction.flushEventLoop@chrome://marionette/content/interaction.js:418:10
webdriverClickElement@chrome://marionette/content/interaction.js:179:31
1607979848607	Marionette	INFO	Stopped listening on port 58559

###!!! [Child][RunMessage] Error: Channel closing: too late to send/recv, messages will be lost


###!!! [Child][MessageChannel::SendAndWait] Error: Channel error: cannot send/recv

1607980487799	geckodriver	INFO	Listening on 127.0.0.1:62436
1607980490844	mozrunner::runner	INFO	Running command: "C:\\Program Files\\Mozilla Firefox\\firefox.exe" "--marionette" "-foreground" "-no-remote" "-profile" "C:\\Users\\acer\\AppData\\Local\\Temp\\rust_mozprofile10c1AY"
Can't find symbol 'eglSwapBuffersWithDamageEXT'.
Can't find symbol 'eglSetDamageRegionKHR'.
JavaScript error: resource://gre/modules/XULStore.jsm, line 66: Error: Can't find profile directory.
console.warn: SearchSettings: "get: No settings file exists, new profile?" (new Error("", "(unknown module)"))
1607980494519	Marionette	INFO	Listening on port 62446
1607980495070	Marionette	WARN	TLS certificate errors will be ignored for this session
JavaScript error: https://www.avito.ru/moskva/telefony/samsung_galaxy_a50_blue_2049583064 line 9371 > injectedScript, line 1: ReferenceError: fbq is not defined
JavaScript error: https://www.avito.ru/moskva/telefony/samsung_galaxy_a50_blue_2049583064 line 1 > injectedScript, line 9: NS_ERROR_NOT_INITIALIZED: 
Can't find symbol 'eglSwapBuffersWithDamageEXT'.
Can't find symbol 'eglSetDamageRegionKHR'.
1607980509605	Marionette	WARN	TimedPromise timed out after 500 ms: stacktrace:
TimedPromise/<@chrome://marionette/content/sync.js:228:19
TimedPromise@chrome://marionette/content/sync.js:213:10
interaction.flushEventLoop@chrome://marionette/content/interaction.js:418:10
webdriverClickElement@chrome://marionette/content/interaction.js:179:31
[Parent 11952, Gecko_IOThread] WARNING: file /builds/worker/checkouts/gecko/ipc/chromium/src/base/process_util_win.cc:166
JavaScript error: resource:///modules/sessionstore/SessionStore.jsm, line 2303: TypeError: subject.QueryInterface is not a function
A content process crashed and MOZ_CRASHREPORTER_SHUTDOWN is set, shutting down
1607982469753	Marionette	INFO	Stopped listening on port 62446

###!!! [Child][MessageChannel::SendAndWait] Error: Channel error: cannot send/recv

n: SearchSettings: "get: No settings file exists, new profile?" (new Error("", "(unknown module)"))
1607980804660	Marionette	INFO	Listening on port 62813
1607980804739	Marionette	WARN	TLS certificate errors will be ignored for this session
JavaScript error: https://www.avito.ru/moskva/telefony/samsung_galaxy_a50_blue_2049583064 line 1 > injectedScript, line 9: NS_ERROR_NOT_INITIALIZED: 
Can't find symbol 'eglSwapBuffersWithDamageEXT'.
Can't find symbol 'eglSetDamageRegionKHR'.
1607980821085	Marionette	WARN	TimedPromise timed out after 500 ms: stacktrace:
TimedPromise/<@chrome://marionette/content/sync.js:228:19
TimedPromise@chrome://marionette/content/sync.js:213:10
interaction.flushEventLoop@chrome://marionette/content/interaction.js:418:10
webdriverClickElement@chrome://marionette/content/interaction.js:179:31
[Parent 19824, Gecko_IOThread] WARNING: file /builds/worker/checkouts/gecko/ipc/chromium/src/base/process_util_win.cc:166
1607982470708	Marionette	INFO	Stopped listening on port 62813

###!!! [Child][MessageChannel::SendAndWait] Error: Channel error: cannot send/recv

mCRH"
Can't find symbol 'eglSwapBuffersWithDamageEXT'.
Can't find symbol 'eglSetDamageRegionKHR'.
JavaScript error: resource://gre/modules/XULStore.jsm, line 66: Error: Can't find profile directory.
console.warn: SearchSettings: "get: No settings file exists, new profile?" (new Error("", "(unknown module)"))
1607980978616	Marionette	INFO	Listening on port 63104
1607980978776	Marionette	WARN	TLS certificate errors will be ignored for this session
JavaScript error: https://www.avito.ru/moskva/telefony/samsung_galaxy_a50_blue_2049583064 line 9371 > injectedScript, line 1: ReferenceError: fbq is not defined
Can't find symbol 'eglSwapBuffersWithDamageEXT'.
Can't find symbol 'eglSetDamageRegionKHR'.
1607980993578	Marionette	WARN	TimedPromise timed out after 500 ms: stacktrace:
TimedPromise/<@chrome://marionette/content/sync.js:228:19
TimedPromise@chrome://marionette/content/sync.js:213:10
interaction.flushEventLoop@chrome://marionette/content/interaction.js:418:10
webdriverClickElement@chrome://marionette/content/interaction.js:179:31
console.error: (new Error("SessionFile is closed", "resource:///modules/sessionstore/SessionFile.jsm", 433))
WARNING: At least one completion condition is taking too long to complete. Conditions: [{"name":"Places Connection shutdown","state":{"progress":{}},"filename":"/builds/worker/checkouts/gecko/toolkit/components/places/Database.cpp","lineNumber":489,"stack":["resource://gre/modules/nsAsyncShutdown.jsm:addBlocker:162","resource://gre/modules/PlacesUtils.jsm:null:1934","resource://gre/modules/XPCOMUtils.jsm:get:58","resource://gre/modules/PageThumbs.jsm:PageThumbs_init:116","resource:///modules/BrowserGlue.jsm:BG__onFirstWindowLoaded:1867","resource:///modules/BrowserGlue.jsm:BG_observe:1020","chrome://browser/content/browser.js:_delayedStartup:2181"]}] Barrier: profile-before-change
[Parent 8272, Gecko_IOT1607982451143	Marionette	INFO	Stopped listening on port 63895

###!!! [Child][MessageChannel::SendAndWait] Error: Channel error: cannot send/recv

JavaScript error: resource:///modules/sessionstore/SessionStore.jsm, line 5366: NS_ERROR_UNEXPECTED: Component returned failure code: 0x8000ffff (NS_ERROR_UNEXPECTED) [nsIWindowMediator.getEnumerator]
etDamageRegionKHR'.
JavaScript error: resource://gre/modules/XULStore.jsm, line 66: Error: Can't find profile directory.
console.warn: SearchSettings: "get: No settings file exists, new profile?" (new Error("", "(unknown module)"))
1607981147689	Marionette	INFO	Listening on port 64052
1607981147768	Marionette	WARN	TLS certificate errors will be ignored for this session
JavaScript error: https://www.avito.ru/moskva/telefony/samsung_galaxy_note20_ultra_n985_4g_2sim_demo_1990363567 line 9371 > injectedScript, line 1: ReferenceError: fbq is not defined
Can't find symbol 'eglSwapBuffersWithDamageEXT'.
Can't find symbol 'eglSetDamageRegionKHR'.
JavaScript error: https://www.avito.ru/moskva/telefony/samsung_galaxy_note20_ultra_n985_4g_2sim_demo_1990363567 line 1 > injectedScript, line 9: NS_ERROR_NOT_INITIALIZED: 
1607981161306	Marionette	WARN	TimedPromise timed out after 500 ms: stacktrace:
TimedPromise/<@chrome://marionette/content/sync.js:228:19
TimedPromise@chrome://marionette/content/sync.js:213:10
interaction.flushEventLoop@chrome://marionette/content/interaction.js:418:10
webdriverClickElement@chrome://marionette/content/interaction.js:179:31
console.error: (new Error("SessionFile is closed", "resource:///modules/sessionstore/SessionFile.jsm", 433))
WARNING: At least one completion condition is taking too long to complete. Conditions: [{"name":"TelemetryController: shutting down","state":{"initialized":true,"initStarted":true,"haveDelayedInitTask":false,"shutdownBarrier":"Not started","connectionsBarrier":"Not started","sendModule":{"sendingEnabled":false,"pendingPingRequestCount":0,"pendingPingActivityCount":0,"unpersistedPingCount":0,"persistedPingCount":0,"schedulerState":{"shutdown":true,"hasSendTask":false,"sendsFailed":false,"sendTaskState":"bail out - no pings to send","backoffDelay":60000}},"haveDelayedNewProfileTask":false},"filename":"resource://gre/modules/TelemetryControllerParent.jsm","lineNumber":898,"stack":["resource://gre/modules/TelemetryControllerParent.jsm:setupTelemetry:898","resource://gre/modules/TelemetryControllerParent.jsm:observe:1008","resource://gre/modules/TelemetryControllerParent.jsm:observe:156","resource://gre/modules/TelemetryStartup.jsm:TelemetryStartup.prototype.observe:31"]}] Barrier: profile-before-change-telemetry
1607982430235	Marionette	INFO	Stopped listening on port 64052

###!!! [Child][RunMessage] Error: Channel closing: too late to send/recv, messages will be lost


###!!! [Child][MessageChannel::SendAndWait] Error: Channel error: cannot send/recv

e is closed", "resource:///modules/sessionstore/SessionFile.jsm", 433))
WARNING: At least one completion condition is taking too long to complete. Conditions: [{"name":"Places Connection shutdown","state":{"progress":{}},"filename":"/builds/worker/checkouts/gecko/toolkit/components/places/Database.cpp","lineNumber":489,"stack":["resource://gre/modules/nsAsyncShutdown.jsm:addBlocker:162","resource://gre/modules/PlacesUtils.jsm:null:1934","resource://gre/modules/XPCOMUtils.jsm:get:58","resource://gre/modules/PageThumbs.jsm:PageThumbs_init:116","resource:///modules/BrowserGlue.jsm:BG__onFirstWindowLoaded:1867","resource:///modules/BrowserGlue.jsm:BG_observe:1020","chrome://browser/content/browser.js:_delayedStartup:2181"]},{"name":"Sqlite.jsm shutdown blocker","state":{"description":"Waiting for connections to close","state":[{"name":"protections.sqlite#0: waiting for shutdown","state":{"identifier":"protections.sqlite#0","isCloseRequested":false,"hasDbConn":true,"hasInProgressTransaction":false,"pendingStatements":1,"statementCounter":58},"filename":"resource://gre/modules/Sqlite.jsm","lineNumber":293,"stack":["resource://gre/modules/Sqlite.jsm:ConnectionData:293","resource://gre/modules/Sqlite.jsm:OpenedConnection:1310","resource://gre/modules/Sqlite.jsm:openConnection/</<:1106"]1607982430648	Marionette	INFO	Stopped listening on port 64733

###!!! [Child][MessageChannel::SendAndWait] Error: Channel error: cannot send/recv

Utils.jsm:get:58","resource://gre/modules/Sqlite.jsm:ConnectionData:293","resource://gre/modules/Sqlite.jsm:OpenedConnection:1310","resource://gre/modules/Sqlite.jsm:openConnection/</<:1106"]},{"name":"TrackingDBService: Shutting down the content blocking database.","state":"(none)","filename":"resource://gre/modules/TrackingDBService.jsm","lineNumber":161,"stack":["resource://gre/modules/TrackingDBService.jsm:_initialize:161"]}] Barrier: profile-before-change
WARNING: At least one completion condition is taking too long to complete. Conditions: [{"name":"protections.sqlite#0: waiting for shutdown","state":{"identifier":"protections.sqlite#0","isCloseRequested":false,"hasDbConn":true,"hasInProgressTransaction":false,"pendingStatements":1,"statementCounter":58},"filename":"resource://gre/modules/Sqlite.jsm","lineNumber":293,"stack":["resource://gre/modules/Sqlite.jsm:ConnectionData:293","resource:1607982451145	Marionette	INFO	Stopped listening on port 64967

###!!! [Child][MessageChannel::SendAndWait] Error: Channel error: cannot send/recv

ections are closed
1607982430352	Marionette	INFO	Stopped listening on port 64497

###!!! [Child][RunMessage] Error: Channel closing: too late to send/recv, messages will be lost


###!!! [Child][MessageChannel::SendAndWait] Error: Channel error: cannot send/recv

.jsm, line 66: Error: Can't find profile directory.
console.warn: SearchSettings: "get: No settings file exists, new profile?" (new Error("", "(unknown module)"))
1607981815659	Marionette	INFO	Listening on port 65185
1607981816175	Marionette	WARN	TLS certificate errors will be ignored for this session
Can't find symbol 'eglSwapBuffersWithDamageEXT'.
Can't find symbol 'eglSetDamageRegionKHR'.
1607981829036	Marionette	WARN	TimedPromise timed out after 500 ms: stacktrace:
TimedPromise/<@chrome://marionette/content/sync.js:228:19
TimedPromise@chrome://marionette/content/sync.js:213:10
interaction.flushEventLoop@chrome://marionette/content/interaction.js:418:10
webdriverClickElement@chrome://marionette/content/interaction.js:179:31
JavaScript error: , line 0: uncaught exception: Object
1607982452508	Marionette	INFO	Stopped listening on port 65185

###!!! [Child][RunMessage] Error: Channel closing: too late to send/recv, messages will be lost


###!!! [Child][MessageChannel::SendAndWait] Error: Channel error: cannot send/recv

emp\\rust_mozprofilesSeFcT"
Can't find symbol 'eglSwapBuffersWithDamageEXT'.
Can't find symbol 'eglSetDamageRegionKHR'.
JavaScript error: resource://gre/modules/XULStore.jsm, line 66: Error: Can't find profile directory.
console.warn: SearchSettings: "get: No settings file exists, new profile?" (new Error("", "(unknown module)"))
1607982009157	Marionette	INFO	Listening on port 65429
1607982009669	Marionette	WARN	TLS certificate errors will be ignored for this session
JavaScript error: https://www.avito.ru/moskva/telefony/samsung_galaxy_a50_blue_2049583064 line 9371 > injectedScript, line 1: ReferenceError: fbq is not defined
Can't find symbol 'eglSwapBuffersWithDamageEXT'.
Can't find symbol 'eglSetDamageRegionKHR'.
1607982024347	Marionette	WARN	TimedPromise timed out after 500 ms: stacktrace:
TimedPromise/<@chrome://marionette/content/sync.js:228:19
TimedPromise@chrome://marionette/content/sync.js:213:10
interaction.flushEventLoop@chrome://marionette/content/interaction.js:418:10
webdriverClickElement@chrome://marionette/content/interaction.js:179:31
JavaScript error: , line 0: uncaught exception: Object

###!!! [Child][RunMessage] Error: Channel closing: too late to send/recv, messages will be lost


###!!! [Child][RunMessage] Error: Channel closing: too late to send/recv, messages will be lost


###!!! [Child][RunMessage] Error: Channel closing: too late to send/recv, messages will be lost


###!!! [Child][RunMessage] Error: Channel closing: too late to send/recv, messages will be lost

1607982454829	Marionette	INFO	Stopped listening on port 65429

###!!! [Child][RunMessage] Error: Channel closing: too late to send/recv, messages will be lost


###!!! [Child][MessageChannel::SendAndWait] Error: Channel error: cannot send/recv

	Marionette	WARN	TLS certificate errors will be ignored for this session
Can't find symbol 'eglSwapBuffersWithDamageEXT'.
Can't find symbol 'eglSetDamageRegionKHR'.
1607982101043	Marionette	WARN	TimedPromise timed out after 500 ms: stacktrace:
TimedPromise/<@chrome://marionette/content/sync.js:228:19
TimedPromise@chrome://marionette/content/sync.js:213:10
interaction.flushEventLoop@chrome://marionette/content/interaction.js:418:10
webdriverClickElement@chrome://marionette/content/interaction.js:179:31
1607982455213	Marionette	INFO	Stopped listening on port 49221

###!!! [Child][RunMessage] Error: Channel closing: too late to send/recv, messages will be lost


###!!! [Child][MessageChannel::SendAndWait] Error: Channel error: cannot send/recv

emp\\rust_mozprofileAVGvYm"
Can't find symbol 'eglSwapBuffersWithDamageEXT'.
Can't find symbol 'eglSetDamageRegionKHR'.
JavaScript error: resource://gre/modules/XULStore.jsm, line 66: Error: Can't find profile directory.
console.warn: SearchSettings: "get: No settings file exists, new profile?" (new Error("", "(unknown module)"))
1607982169004	Marionette	INFO	Listening on port 49419
1607982169215	Marionette	WARN	TLS certificate errors will be ignored for this session
Can't find symbol 'eglSwapBuffersWithDamageEXT'.
Can't find symbol 'eglSetDamageRegionKHR'.
1607982183900	Marionette	WARN	TimedPromise timed out after 500 ms: stacktrace:
TimedPromise/<@chrome://marionette/content/sync.js:228:19
TimedPromise@chrome://marionette/content/sync.js:213:10
interaction.flushEventLoop@chrome://marionette/content/interaction.js:418:10
webdriverClickElement@chrome://marionette/content/interaction.js:179:31
JavaScript error: https://static.datamind.ru/ssp/v6/avito/v2/createButtons.min.js, line 1: TypeError: legalInfoNode is null

###!!! [Child][RunMessage] Error: Channel closing: too late to send/recv, messages will be lost


###!!! [Child][RunMessage] Error: Channel closing: too late to send/recv, messages will be lost


###!!! [Child][RunMessage] Error: Channel closing: too late to send/recv, messages will be lost


###!!! [Child][RunMessage] Error: Channel closing: too late to send/recv, messages will be lost

1607982476896	Marionette	INFO	Stopped listening on port 49419

###!!! [Child][RunMessage] Error: Channel closing: too late to send/recv, messages will be lost


###!!! [Child][MessageChannel::SendAndWait] Error: Channel error: cannot send/recv

1607982484922	geckodriver	INFO	Listening on 127.0.0.1:49761
1607982488489	mozrunner::runner	INFO	Running command: "C:\\Program Files\\Mozilla Firefox\\firefox.exe" "--marionette" "-foreground" "-no-remote" "-profile" "C:\\Users\\acer\\AppData\\Local\\Temp\\rust_mozprofiledYf6Mx"
Can't find symbol 'eglSwapBuffersWithDamageEXT'.
Can't find symbol 'eglSetDamageRegionKHR'.
JavaScript error: resource://gre/modules/XULStore.jsm, line 66: Error: Can't find profile directory.
console.warn: SearchSettings: "get: No settings file exists, new profile?" (new Error("", "(unknown module)"))
1607982493568	Marionette	INFO	Listening on port 49769
1607982494054	Marionette	WARN	TLS certificate errors will be ignored for this session
JavaScript error: https://www.avito.ru/moskva/telefony/samsung_galaxy_a50_blue_2049583064 line 9371 > injectedScript, line 1: ReferenceError: fbq is not defined
Can't find symbol 'eglSwapBuffersWithDamageEXT'.
Can't find symbol 'eglSetDamageRegionKHR'.
1607982505384	Marionette	WARN	TimedPromise timed out after 500 ms: stacktrace:
TimedPromise/<@chrome://marionette/content/sync.js:228:19
TimedPromise@chrome://marionette/content/sync.js:213:10
interaction.flushEventLoop@chrome://marionette/content/interaction.js:418:10
webdriverClickElement@chrome://marionette/content/interaction.js:179:31
1607982579718	Marionette	INFO	Stopped listening on port 49769

###!!! [Child][RunMessage] Error: Channel closing: too late to send/recv, messages will be lost


###!!! [Child][MessageChannel::SendAndWait] Error: Channel error: cannot send/recv

